<?xml version="1.0" encoding="UTF-8"?>
<!-- Generated by org.testng.reporters.JUnitReportReporter -->
<testsuite skipped="0" hostname="DESKTOP-L3OAS3D" name="sanitySPSTest.MinimumMandateCreationviaGUI02Test" tests="1" failures="0" timestamp="2021-03-17T11:09:56 IST" time="80.596" errors="0">
  <testcase name="minimumMandateCreationviaGUI02" time="80.596" classname="sanitySPSTest.MinimumMandateCreationviaGUI02Test"/>
  <system-out/>
</testsuite> <!-- sanitySPSTest.MinimumMandateCreationviaGUI02Test -->
