<?xml version="1.0" encoding="UTF-8"?>
<!-- Generated by org.testng.reporters.JUnitReportReporter -->
<testsuite skipped="0" hostname="DESKTOP-L3OAS3D" name="sddTest.AccSDD007SDDAdvancedSearchTest" tests="1" failures="0" timestamp="2021-03-16T14:23:03 IST" time="145.279" errors="0">
  <testcase name="acc_SDD_007_SDDAdvancedSearch" time="145.279" classname="sddTest.AccSDD007SDDAdvancedSearchTest"/>
  <system-out/>
</testsuite> <!-- sddTest.AccSDD007SDDAdvancedSearchTest -->
