<?xml version="1.0" encoding="UTF-8"?>
<!-- Generated by org.testng.reporters.JUnitReportReporter -->
<testsuite skipped="0" hostname="DESKTOP-L3OAS3D" name="spsTest.MEV_createElectonicMandateRequestTest" tests="1" failures="0" timestamp="2021-01-20T10:26:14 IST" time="88.010" errors="0">
  <testcase name="minimumOrganisationCreation01" time="88.010" classname="spsTest.MEV_createElectonicMandateRequestTest"/>
  <system-out/>
</testsuite> <!-- spsTest.MEV_createElectonicMandateRequestTest -->
