<?xml version="1.0" encoding="UTF-8"?>
<!-- Generated by org.testng.reporters.JUnitReportReporter -->
<testsuite skipped="0" hostname="DESKTOP-L3OAS3D" name="mandateTest.MandateManagement462Test" tests="1" failures="0" timestamp="2020-12-14T10:29:58 IST" time="331.853" errors="0">
  <testcase name="mandateManagement462" time="331.853" classname="mandateTest.MandateManagement462Test"/>
  <system-out/>
</testsuite> <!-- mandateTest.MandateManagement462Test -->
