<?xml version="1.0" encoding="UTF-8"?>
<!-- Generated by org.testng.reporters.JUnitReportReporter -->
<testsuite skipped="0" hostname="DESKTOP-L3OAS3D" name="sddTest.AccSDD009lastSDDIssuedTest" tests="1" failures="0" timestamp="2021-03-16T14:23:02 IST" time="232.767" errors="0">
  <testcase name="accSDD009lastSDDIssued" time="232.767" classname="sddTest.AccSDD009lastSDDIssuedTest"/>
  <system-out/>
</testsuite> <!-- sddTest.AccSDD009lastSDDIssuedTest -->
