<?xml version="1.0" encoding="UTF-8"?>
<!-- Generated by org.testng.reporters.JUnitReportReporter -->
<testsuite skipped="0" hostname="DESKTOP-L3OAS3D" name="sddTest.AccSDD005SearchSDDTest" tests="1" failures="0" timestamp="2021-03-16T14:23:02 IST" time="116.824" errors="0">
  <testcase name="accSDD005SearchSDDTest" time="116.824" classname="sddTest.AccSDD005SearchSDDTest"/>
  <system-out/>
</testsuite> <!-- sddTest.AccSDD005SearchSDDTest -->
