<?xml version="1.0" encoding="UTF-8"?>
<!-- Generated by org.testng.reporters.JUnitReportReporter -->
<testsuite skipped="0" hostname="DESKTOP-L3OAS3D" name="sddTest.AccSDD003CreateSDDTest" tests="1" failures="0" timestamp="2021-03-16T14:23:03 IST" time="71.885" errors="0">
  <testcase name="accSDD003CreateSDDTest" time="71.885" classname="sddTest.AccSDD003CreateSDDTest"/>
  <system-out/>
</testsuite> <!-- sddTest.AccSDD003CreateSDDTest -->
