<?xml version="1.0" encoding="UTF-8"?>
<!-- Generated by org.testng.reporters.JUnitReportReporter -->
<testsuite skipped="0" hostname="DESKTOP-L3OAS3D" name="mandateTest.PlannedMandateModificationCheckGUILevel002Test" tests="1" failures="0" timestamp="2021-03-16T14:23:02 IST" time="82.587" errors="0">
  <testcase name="plannedMandateModificationCheckGUILevel002" time="82.587" classname="mandateTest.PlannedMandateModificationCheckGUILevel002Test"/>
  <system-out/>
</testsuite> <!-- mandateTest.PlannedMandateModificationCheckGUILevel002Test -->
