<?xml version="1.0" encoding="UTF-8"?>
<!-- Generated by org.testng.reporters.JUnitReportReporter -->
<testsuite skipped="0" hostname="DESKTOP-L3OAS3D" name="documentSignatureTest.TestProgram" tests="1" failures="0" timestamp="2020-12-28T16:39:16 IST" time="15.854" errors="0">
  <testcase name="TestProgramtest" time="15.854" classname="documentSignatureTest.TestProgram"/>
  <system-out/>
</testsuite> <!-- documentSignatureTest.TestProgram -->
