<?xml version="1.0" encoding="UTF-8"?>
<!-- Generated by org.testng.reporters.JUnitReportReporter -->
<testsuite skipped="0" hostname="DESKTOP-L3OAS3D" name="sddTest.AccSDD006CancelSDDTest" tests="1" failures="0" timestamp="2021-03-16T14:23:03 IST" time="240.932" errors="0">
  <testcase name="accSDD006CancelSDDTest" time="240.932" classname="sddTest.AccSDD006CancelSDDTest"/>
  <system-out/>
</testsuite> <!-- sddTest.AccSDD006CancelSDDTest -->
