<?xml version="1.0" encoding="UTF-8"?>
<!-- Generated by org.testng.reporters.JUnitReportReporter -->
<testsuite skipped="0" hostname="DESKTOP-L3OAS3D" name="sddTest.AccSDD004ModifySDDTest" tests="1" failures="0" timestamp="2021-03-16T14:23:03 IST" time="124.674" errors="0">
  <testcase name="accSDD004ModifySDD" time="124.674" classname="sddTest.AccSDD004ModifySDDTest"/>
  <system-out/>
</testsuite> <!-- sddTest.AccSDD004ModifySDDTest -->
