<?xml version="1.0" encoding="UTF-8"?>
<!-- Generated by org.testng.reporters.JUnitReportReporter -->
<testsuite skipped="0" hostname="DESKTOP-L3OAS3D" name="sanitySPSTest.MinimumSDDCreationviaGUI03Test" tests="1" failures="0" timestamp="2021-03-16T14:23:03 IST" time="63.538" errors="0">
  <testcase name="minimumSDDCreationviaGUI03" time="63.538" classname="sanitySPSTest.MinimumSDDCreationviaGUI03Test"/>
  <system-out/>
</testsuite> <!-- sanitySPSTest.MinimumSDDCreationviaGUI03Test -->
