<?xml version="1.0" encoding="UTF-8"?>
<!-- Generated by org.testng.reporters.JUnitReportReporter -->
<testsuite skipped="0" hostname="DESKTOP-L3OAS3D" name="mandateTest.MandateManagement462_Part2Test" tests="1" failures="0" timestamp="2021-03-16T14:23:03 IST" time="347.126" errors="0">
  <testcase name="MandateManagement462_Part2" time="347.126" classname="mandateTest.MandateManagement462_Part2Test"/>
  <system-out/>
</testsuite> <!-- mandateTest.MandateManagement462_Part2Test -->
