<?xml version="1.0" encoding="UTF-8"?>
<!-- Generated by org.testng.reporters.JUnitReportReporter -->
<testsuite skipped="0" hostname="DESKTOP-L3OAS3D" name="mandateTest.MandateManagement462_Part1Test" tests="1" failures="0" timestamp="2021-03-16T14:23:03 IST" time="197.681" errors="0">
  <testcase name="MandateManagement462_Part1" time="197.681" classname="mandateTest.MandateManagement462_Part1Test"/>
  <system-out/>
</testsuite> <!-- mandateTest.MandateManagement462_Part1Test -->
