<?xml version="1.0" encoding="UTF-8"?>
<!-- Generated by org.testng.reporters.JUnitReportReporter -->
<testsuite skipped="0" hostname="DESKTOP-L3OAS3D" name="sanitySPSTest.MinimumFileCollectionGenerationviaGUI05Test" tests="1" failures="0" timestamp="2021-03-16T14:23:03 IST" time="153.966" errors="0">
  <testcase name="minimumFileCollectionGenerationviaGUI05" time="153.966" classname="sanitySPSTest.MinimumFileCollectionGenerationviaGUI05Test"/>
  <system-out/>
</testsuite> <!-- sanitySPSTest.MinimumFileCollectionGenerationviaGUI05Test -->
