<?xml version="1.0" encoding="UTF-8"?>
<!-- Generated by org.testng.reporters.JUnitReportReporter -->
<testsuite skipped="0" hostname="DESKTOP-L3OAS3D" name="documentSignatureTest.CancelSessionSoapSPSSignTest" tests="1" failures="0" timestamp="2021-03-16T14:23:03 IST" time="72.782" errors="0">
  <testcase name="sMoneyWithPostalAddress" time="72.782" classname="documentSignatureTest.CancelSessionSoapSPSSignTest"/>
  <system-out/>
</testsuite> <!-- documentSignatureTest.CancelSessionSoapSPSSignTest -->
