<?xml version="1.0" encoding="UTF-8"?>
<!-- Generated by org.testng.reporters.JUnitReportReporter -->
<testsuite skipped="0" hostname="DESKTOP-L3OAS3D" name="sanitySPSTest.MinimumCollectionGenerationvia04GUITest" tests="1" failures="0" timestamp="2021-03-16T14:23:03 IST" time="108.018" errors="0">
  <testcase name="minimumCollectionGenerationvia04GUI" time="108.018" classname="sanitySPSTest.MinimumCollectionGenerationvia04GUITest"/>
  <system-out/>
</testsuite> <!-- sanitySPSTest.MinimumCollectionGenerationvia04GUITest -->
