<?xml version="1.0" encoding="UTF-8"?>
<!-- Generated by org.testng.reporters.JUnitReportReporter -->
<testsuite skipped="0" hostname="DESKTOP-L3OAS3D" name="sddTest.AccSDD011ScheduleTest" tests="1" failures="0" timestamp="2021-03-16T14:23:03 IST" time="54.371" errors="0">
  <testcase name="accSDD011ScheduleTest" time="54.371" classname="sddTest.AccSDD011ScheduleTest"/>
  <system-out/>
</testsuite> <!-- sddTest.AccSDD011ScheduleTest -->
